<?xml version="1.0" encoding="UTF-8"?>
<coverage generated="1663016063328" clover="3.2.0">
  <project timestamp="1663016063328" name="All files">
    <metrics statements="17" coveredstatements="9" conditionals="0" coveredconditionals="0" methods="1" coveredmethods="0" elements="18" coveredelements="9" complexity="0" loc="17" ncloc="17" packages="1" files="1" classes="1"/>
    <file name="handler.ts" path="/Users/zioncodev/jest-test/src/functions/hello/handler.ts">
      <metrics statements="17" coveredstatements="9" conditionals="0" coveredconditionals="0" methods="1" coveredmethods="0"/>
      <line num="1" count="1" type="stmt"/>
      <line num="2" count="1" type="stmt"/>
      <line num="3" count="1" type="stmt"/>
      <line num="4" count="1" type="stmt"/>
      <line num="5" count="1" type="stmt"/>
      <line num="6" count="1" type="stmt"/>
      <line num="7" count="1" type="stmt"/>
      <line num="8" count="0" type="stmt"/>
      <line num="9" count="0" type="stmt"/>
      <line num="10" count="0" type="stmt"/>
      <line num="11" count="0" type="stmt"/>
      <line num="12" count="0" type="stmt"/>
      <line num="13" count="0" type="stmt"/>
      <line num="14" count="0" type="stmt"/>
      <line num="15" count="0" type="stmt"/>
      <line num="16" count="1" type="stmt"/>
      <line num="17" count="1" type="stmt"/>
    </file>
  </project>
</coverage>
